This file contains any messages produced by compilers while
running configure, to aid debugging if configure makes a mistake.

It was created by libncsnet configure 20240530, which was
generated by GNU Autoconf 2.71.  Invocation command line was

  $ ./configure

## --------- ##
## Platform. ##
## --------- ##

hostname = archlinux
uname -m = x86_64
uname -r = 6.10.3-arch1-2
uname -s = Linux
uname -v = #1 SMP PREEMPT_DYNAMIC Tue, 06 Aug 2024 07:21:19 +0000

/usr/bin/uname -p = unknown
/bin/uname -X     = unknown

/bin/arch              = unknown
/usr/bin/arch -k       = unknown
/usr/convex/getsysinfo = unknown
/usr/bin/hostinfo      = unknown
/bin/machine           = unknown
/usr/bin/oslevel       = unknown
/bin/universe          = unknown

PATH: /usr/local/sbin/
PATH: /usr/local/bin/
PATH: /usr/bin/
PATH: /usr/bin/site_perl/
PATH: /usr/bin/vendor_perl/
PATH: /usr/bin/core_perl/


## ----------- ##
## Core tests. ##
## ----------- ##

configure:2472: looking for aux files: config.guess config.sub
configure:2485:  trying ./
configure:2514:   ./config.guess found
configure:2514:   ./config.sub found
configure:2690: checking for gcc
configure:2711: found /usr/bin/gcc
configure:2722: result: gcc
configure:3075: checking for C compiler version
configure:3084: gcc --version >&5
gcc (GCC) 14.2.1 20240805
Copyright (C) 2024 Free Software Foundation, Inc.
This is free software; see the source for copying conditions.  There is NO
warranty; not even for MERCHANTABILITY or FITNESS FOR A PARTICULAR PURPOSE.

configure:3095: $? = 0
configure:3084: gcc -v >&5
Using built-in specs.
COLLECT_GCC=gcc
COLLECT_LTO_WRAPPER=/usr/lib/gcc/x86_64-pc-linux-gnu/14.2.1/lto-wrapper
Target: x86_64-pc-linux-gnu
Configured with: /build/gcc/src/gcc/configure --enable-languages=ada,c,c++,d,fortran,go,lto,m2,objc,obj-c++,rust --enable-bootstrap --prefix=/usr --libdir=/usr/lib --libexecdir=/usr/lib --mandir=/usr/share/man --infodir=/usr/share/info --with-bugurl=https://gitlab.archlinux.org/archlinux/packaging/packages/gcc/-/issues --with-build-config=bootstrap-lto --with-linker-hash-style=gnu --with-system-zlib --enable-__cxa_atexit --enable-cet=auto --enable-checking=release --enable-clocale=gnu --enable-default-pie --enable-default-ssp --enable-gnu-indirect-function --enable-gnu-unique-object --enable-libstdcxx-backtrace --enable-link-serialization=1 --enable-linker-build-id --enable-lto --enable-multilib --enable-plugin --enable-shared --enable-threads=posix --disable-libssp --disable-libstdcxx-pch --disable-werror
Thread model: posix
Supported LTO compression algorithms: zlib zstd
gcc version 14.2.1 20240805 (GCC) 
configure:3095: $? = 0
configure:3084: gcc -V >&5
gcc: error: unrecognized command-line option '-V'
gcc: fatal error: no input files
compilation terminated.
configure:3095: $? = 1
configure:3084: gcc -qversion >&5
gcc: error: unrecognized command-line option '-qversion'; did you mean '--version'?
gcc: fatal error: no input files
compilation terminated.
configure:3095: $? = 1
configure:3084: gcc -version >&5
gcc: error: unrecognized command-line option '-version'
gcc: fatal error: no input files
compilation terminated.
configure:3095: $? = 1
configure:3115: checking whether the C compiler works
configure:3137: gcc    conftest.c  >&5
configure:3141: $? = 0
configure:3191: result: yes
configure:3194: checking for C compiler default output file name
configure:3196: result: a.out
configure:3202: checking for suffix of executables
configure:3209: gcc -o conftest    conftest.c  >&5
configure:3213: $? = 0
configure:3236: result: 
configure:3258: checking whether we are cross compiling
configure:3266: gcc -o conftest    conftest.c  >&5
configure:3270: $? = 0
configure:3277: ./conftest
configure:3281: $? = 0
configure:3296: result: no
configure:3301: checking for suffix of object files
configure:3324: gcc -c   conftest.c >&5
configure:3328: $? = 0
configure:3350: result: o
configure:3354: checking whether the compiler supports GNU C
configure:3374: gcc -c   conftest.c >&5
configure:3374: $? = 0
configure:3384: result: yes
configure:3395: checking whether gcc accepts -g
configure:3416: gcc -c -g  conftest.c >&5
configure:3416: $? = 0
configure:3460: result: yes
configure:3480: checking for gcc option to enable C11 features
configure:3495: gcc  -c -g -O2  conftest.c >&5
configure:3495: $? = 0
configure:3513: result: none needed
configure:3638: checking for special C compiler options needed for large files
configure:3686: result: no
configure:3692: checking for _FILE_OFFSET_BITS value needed for large files
configure:3718: gcc -c -Wall -fPIC -DHAVE_CONFIG_H -march=native -mtune=native -g -flto  conftest.c >&5
configure:3718: $? = 0
configure:3752: result: no
configure:3834: checking for _LARGEFILE_SOURCE value needed for large files
configure:3854: gcc -o conftest -Wall -fPIC -DHAVE_CONFIG_H -march=native -mtune=native -g -flto   conftest.c  >&5
configure:3854: $? = 0
configure:3884: result: no
configure:3911: checking build system type
configure:3926: result: x86_64-pc-linux-gnu
configure:3946: checking host system type
configure:3960: result: x86_64-pc-linux-gnu
configure:3980: checking for operating system
configure:3996: result: linux
configure:4005: checking for make util
configure:4010: result: make
configure:4014: checking whether the processor supports DIVIDE instruction
configure:4028: gcc -c -Wall -fPIC -DHAVE_CONFIG_H -march=native -mtune=native -g -flto  conftest.c >&5
configure:4028: $? = 0
configure:4036: result: yes
configure:4048: checking for stdio.h
configure:4048: gcc -c -Wall -fPIC -DHAVE_CONFIG_H -march=native -mtune=native -g -flto  conftest.c >&5
configure:4048: $? = 0
configure:4048: result: yes
configure:4048: checking for stdlib.h
configure:4048: gcc -c -Wall -fPIC -DHAVE_CONFIG_H -march=native -mtune=native -g -flto  conftest.c >&5
configure:4048: $? = 0
configure:4048: result: yes
configure:4048: checking for string.h
configure:4048: gcc -c -Wall -fPIC -DHAVE_CONFIG_H -march=native -mtune=native -g -flto  conftest.c >&5
configure:4048: $? = 0
configure:4048: result: yes
configure:4048: checking for inttypes.h
configure:4048: gcc -c -Wall -fPIC -DHAVE_CONFIG_H -march=native -mtune=native -g -flto  conftest.c >&5
configure:4048: $? = 0
configure:4048: result: yes
configure:4048: checking for stdint.h
configure:4048: gcc -c -Wall -fPIC -DHAVE_CONFIG_H -march=native -mtune=native -g -flto  conftest.c >&5
configure:4048: $? = 0
configure:4048: result: yes
configure:4048: checking for strings.h
configure:4048: gcc -c -Wall -fPIC -DHAVE_CONFIG_H -march=native -mtune=native -g -flto  conftest.c >&5
configure:4048: $? = 0
configure:4048: result: yes
configure:4048: checking for sys/stat.h
configure:4048: gcc -c -Wall -fPIC -DHAVE_CONFIG_H -march=native -mtune=native -g -flto  conftest.c >&5
configure:4048: $? = 0
configure:4048: result: yes
configure:4048: checking for sys/types.h
configure:4048: gcc -c -Wall -fPIC -DHAVE_CONFIG_H -march=native -mtune=native -g -flto  conftest.c >&5
configure:4048: $? = 0
configure:4048: result: yes
configure:4048: checking for unistd.h
configure:4048: gcc -c -Wall -fPIC -DHAVE_CONFIG_H -march=native -mtune=native -g -flto  conftest.c >&5
configure:4048: $? = 0
configure:4048: result: yes
configure:4077: checking size of void *
configure:4083: gcc -o conftest -Wall -fPIC -DHAVE_CONFIG_H -march=native -mtune=native -g -flto   conftest.c  >&5
configure:4083: $? = 0
configure:4083: ./conftest
configure:4083: $? = 0
configure:4098: result: 8
configure:4126: checking for htons
configure:4126: gcc -o conftest -Wall -fPIC -DHAVE_CONFIG_H -march=native -mtune=native -g -flto   conftest.c  >&5
configure:4126: $? = 0
configure:4126: result: yes
configure:4151: linuxread support is enabled by default
configure:4160: linuxread support is enabled
configure:4166: checking for utils/Makefile
configure:4181: result: no
configure:4308: creating ./config.status

## ---------------------- ##
## Running config.status. ##
## ---------------------- ##

This file was extended by libncsnet config.status 20240530, which was
generated by GNU Autoconf 2.71.  Invocation command line was

  CONFIG_FILES    = 
  CONFIG_HEADERS  = 
  CONFIG_LINKS    = 
  CONFIG_COMMANDS = 
  $ ./config.status 

on archlinux

config.status:806: creating Makefile
config.status:806: creating config.h

## ---------------- ##
## Cache variables. ##
## ---------------- ##

ac_cv_build=x86_64-pc-linux-gnu
ac_cv_c_compiler_gnu=yes
ac_cv_env_CC_set=
ac_cv_env_CC_value=
ac_cv_env_CFLAGS_set=
ac_cv_env_CFLAGS_value=
ac_cv_env_CPPFLAGS_set=
ac_cv_env_CPPFLAGS_value=
ac_cv_env_LDFLAGS_set=
ac_cv_env_LDFLAGS_value=
ac_cv_env_LIBS_set=
ac_cv_env_LIBS_value=
ac_cv_env_build_alias_set=
ac_cv_env_build_alias_value=
ac_cv_env_host_alias_set=
ac_cv_env_host_alias_value=
ac_cv_env_target_alias_set=
ac_cv_env_target_alias_value=
ac_cv_file_utils_Makefile=no
ac_cv_func_htons=yes
ac_cv_header_inttypes_h=yes
ac_cv_header_stdint_h=yes
ac_cv_header_stdio_h=yes
ac_cv_header_stdlib_h=yes
ac_cv_header_string_h=yes
ac_cv_header_strings_h=yes
ac_cv_header_sys_stat_h=yes
ac_cv_header_sys_types_h=yes
ac_cv_header_unistd_h=yes
ac_cv_host=x86_64-pc-linux-gnu
ac_cv_objext=o
ac_cv_prog_ac_ct_CC=gcc
ac_cv_prog_cc_c11=
ac_cv_prog_cc_g=yes
ac_cv_prog_cc_stdc=
ac_cv_prog_divide_support=yes
ac_cv_sizeof_void_p=8
ac_cv_sys_file_offset_bits=no
ac_cv_sys_largefile_CC=no
ac_cv_sys_largefile_source=no

## ----------------- ##
## Output variables. ##
## ----------------- ##

CC='gcc'
CFLAGS='-Wall -fPIC -DHAVE_CONFIG_H -march=native -mtune=native -g -flto'
CPPFLAGS=''
DEFS='-DHAVE_CONFIG_H'
ECHO_C=''
ECHO_N='-n'
ECHO_T=''
EXEEXT=''
LDFLAGS=''
LIBOBJS=''
LIBS=''
LTLIBOBJS=''
MAKE_P='make'
OBJEXT='o'
OCFLAGS='-O3 -fforce-addr'
PACKAGE_BUGREPORT=''
PACKAGE_NAME='libncsnet'
PACKAGE_STRING='libncsnet 20240530'
PACKAGE_TARNAME='libncsnet'
PACKAGE_URL=''
PACKAGE_VERSION='20240530'
PATH_SEPARATOR=':'
SHELL='/bin/sh'
ac_ct_CC='gcc'
bindir='${exec_prefix}/bin'
build='x86_64-pc-linux-gnu'
build_alias=''
build_cpu='x86_64'
build_os='linux-gnu'
build_vendor='pc'
datadir='${datarootdir}'
datarootdir='${prefix}/share'
docdir='${datarootdir}/doc/${PACKAGE_TARNAME}'
dvidir='${docdir}'
exec_prefix='${prefix}'
host='x86_64-pc-linux-gnu'
host_alias=''
host_cpu='x86_64'
host_os='linux-gnu'
host_vendor='pc'
htmldir='${docdir}'
includedir='${prefix}/include'
infodir='${datarootdir}/info'
libdir='${exec_prefix}/lib'
libexecdir='${exec_prefix}/libexec'
localedir='${datarootdir}/locale'
localstatedir='${prefix}/var'
mandir='${datarootdir}/man'
oldincludedir='/usr/include'
pdfdir='${docdir}'
prefix='/usr/local'
program_transform_name='s,x,x,'
psdir='${docdir}'
runstatedir='${localstatedir}/run'
sbindir='${exec_prefix}/sbin'
sharedstatedir='${prefix}/com'
sysconfdir='${prefix}/etc'
target_alias=''

## ----------- ##
## confdefs.h. ##
## ----------- ##

/* confdefs.h */
#define PACKAGE_NAME "libncsnet"
#define PACKAGE_TARNAME "libncsnet"
#define PACKAGE_VERSION "20240530"
#define PACKAGE_STRING "libncsnet 20240530"
#define PACKAGE_BUGREPORT ""
#define PACKAGE_URL ""
#define HAVE_FSEEKO 1
#define IS_LINUX 1
#define HAVE_DIVIDE_SUPPORT 1
#define HAVE_STDIO_H 1
#define HAVE_STDLIB_H 1
#define HAVE_STRING_H 1
#define HAVE_INTTYPES_H 1
#define HAVE_STDINT_H 1
#define HAVE_STRINGS_H 1
#define HAVE_SYS_STAT_H 1
#define HAVE_SYS_TYPES_H 1
#define HAVE_UNISTD_H 1
#define STDC_HEADERS 1
#define SIZEOF_VOID_P 8
#define WORD_SIZE 64
#define LITTLE_ENDIAN_SYSTEM 1
#define HAVE_HTONS 1
#define HAVE_LINUX_READ 1

configure: exit 0
